Wed Sep 07 08:04:46 IDT 2022 Thread[main,5,main] WARNING: the property derby.system.home could not be read due to a security exception: java.security.AccessControlException: access denied ("java.util.PropertyPermission" "derby.system.home" "read"). This could pose a security risk.
Wed Sep 07 08:04:46 IDT 2022 Thread[main,5,main]                 
Wed Sep 07 08:04:46 IDT 2022 Thread[main,5,main] WARNING: the property derby.storage.useDefaultFilePermissions could not be read due to a security exception: java.security.AccessControlException: access denied ("java.util.PropertyPermission" "derby.storage.useDefaultFilePermissions" "read"). This could pose a security risk.
Wed Sep 07 08:04:46 IDT 2022 Thread[main,5,main]                 
Wed Sep 07 08:04:46 IDT 2022 : Apache Derby Network Server - 10.14.2.0 - (1828579) started and ready to accept connections on port 1527
Wed Sep 07 08:04:58 IDT 2022 Thread[DRDAConnThread_2,5,main] WARNING: the property derby.storage.useDefaultFilePermissions could not be read due to a security exception: java.security.AccessControlException: access denied ("java.util.PropertyPermission" "derby.storage.useDefaultFilePermissions" "read"). This could pose a security risk.
                
Wed Sep 07 08:04:58 IDT 2022 Thread[DRDAConnThread_2,5,main] WARNING: the property derby.storage.useDefaultFilePermissions could not be read due to a security exception: java.security.AccessControlException: access denied ("java.util.PropertyPermission" "derby.storage.useDefaultFilePermissions" "read"). This could pose a security risk.
                
----------------------------------------------------------------
Wed Sep 07 08:04:58 IDT 2022:
Booting Derby version The Apache Software Foundation - Apache Derby - 10.14.2.0 - (1828579): instance a816c00e-0183-1656-1fae-00000d6e5ce0 
on database directory C:\derby\demo\databases\MyDbTest with class loader sun.misc.Launcher$AppClassLoader@511d50c0 
Loaded from access denied ("java.lang.RuntimePermission" "getProtectionDomain")
java.vendor=Oracle Corporation
user.dir=C:\Users\User\myToolBox\java
os.name=Windows 10
os.arch=amd64
os.version=10.0
Wed Sep 07 08:04:58 IDT 2022 Thread[DRDAConnThread_2,5,main] WARNING: the property derby.system.home could not be read due to a security exception: java.security.AccessControlException: access denied ("java.util.PropertyPermission" "derby.system.home" "read"). This could pose a security risk.
                
derby.system.home=null
Database Class Loader started - derby.database.classpath=''
Wed Sep 07 08:04:58 IDT 2022 Thread[DRDAConnThread_2,5,main] WARNING: the property derby.database.fullAccessUsers could not be read due to a security exception: java.security.AccessControlException: access denied ("java.util.PropertyPermission" "derby.database.fullAccessUsers" "read"). This could pose a security risk.
                
Wed Sep 07 08:04:58 IDT 2022 Thread[DRDAConnThread_2,5,main] WARNING: the property derby.database.fullAccessUsers could not be read due to a security exception: java.security.AccessControlException: access denied ("java.util.PropertyPermission" "derby.database.fullAccessUsers" "read"). This could pose a security risk.
                
Wed Sep 07 08:04:58 IDT 2022 Thread[DRDAConnThread_2,5,main] WARNING: the property derby.database.readOnlyAccessUsers could not be read due to a security exception: java.security.AccessControlException: access denied ("java.util.PropertyPermission" "derby.database.readOnlyAccessUsers" "read"). This could pose a security risk.
                
Wed Sep 07 08:04:58 IDT 2022 Thread[DRDAConnThread_2,5,main] WARNING: the property derby.database.readOnlyAccessUsers could not be read due to a security exception: java.security.AccessControlException: access denied ("java.util.PropertyPermission" "derby.database.readOnlyAccessUsers" "read"). This could pose a security risk.
                
Wed Sep 07 08:04:58 IDT 2022 Thread[DRDAConnThread_2,5,main] WARNING: the property derby.database.defaultConnectionMode could not be read due to a security exception: java.security.AccessControlException: access denied ("java.util.PropertyPermission" "derby.database.defaultConnectionMode" "read"). This could pose a security risk.
                
Wed Sep 07 08:04:58 IDT 2022 Thread[DRDAConnThread_2,5,main] WARNING: the property derby.database.defaultConnectionMode could not be read due to a security exception: java.security.AccessControlException: access denied ("java.util.PropertyPermission" "derby.database.defaultConnectionMode" "read"). This could pose a security risk.
                
Wed Sep 07 08:04:58 IDT 2022 Thread[DRDAConnThread_2,5,main] WARNING: the property derby.database.fullAccessUsers could not be read due to a security exception: java.security.AccessControlException: access denied ("java.util.PropertyPermission" "derby.database.fullAccessUsers" "read"). This could pose a security risk.
                
Wed Sep 07 08:04:58 IDT 2022 Thread[DRDAConnThread_2,5,main] WARNING: the property derby.database.fullAccessUsers could not be read due to a security exception: java.security.AccessControlException: access denied ("java.util.PropertyPermission" "derby.database.fullAccessUsers" "read"). This could pose a security risk.
                
Wed Sep 07 08:04:58 IDT 2022 Thread[DRDAConnThread_2,5,main] WARNING: the property derby.database.readOnlyAccessUsers could not be read due to a security exception: java.security.AccessControlException: access denied ("java.util.PropertyPermission" "derby.database.readOnlyAccessUsers" "read"). This could pose a security risk.
                
Wed Sep 07 08:04:58 IDT 2022 Thread[DRDAConnThread_2,5,main] WARNING: the property derby.database.readOnlyAccessUsers could not be read due to a security exception: java.security.AccessControlException: access denied ("java.util.PropertyPermission" "derby.database.readOnlyAccessUsers" "read"). This could pose a security risk.
                
Wed Sep 07 08:04:58 IDT 2022 Thread[DRDAConnThread_2,5,main] WARNING: the property derby.database.defaultConnectionMode could not be read due to a security exception: java.security.AccessControlException: access denied ("java.util.PropertyPermission" "derby.database.defaultConnectionMode" "read"). This could pose a security risk.
                
Wed Sep 07 08:04:58 IDT 2022 Thread[DRDAConnThread_2,5,main] WARNING: the property derby.database.defaultConnectionMode could not be read due to a security exception: java.security.AccessControlException: access denied ("java.util.PropertyPermission" "derby.database.defaultConnectionMode" "read"). This could pose a security risk.
                
