Fri Jul 16 16:13:57 IDT 2021 Thread[main,5,main] WARNING: the property derby.system.home could not be read due to a security exception: java.security.AccessControlException: access denied ("java.util.PropertyPermission" "derby.system.home" "read"). This could pose a security risk.
Fri Jul 16 16:13:57 IDT 2021 Thread[main,5,main]                 
Fri Jul 16 16:13:57 IDT 2021 Thread[main,5,main] WARNING: the property derby.storage.useDefaultFilePermissions could not be read due to a security exception: java.security.AccessControlException: access denied ("java.util.PropertyPermission" "derby.storage.useDefaultFilePermissions" "read"). This could pose a security risk.
Fri Jul 16 16:13:57 IDT 2021 Thread[main,5,main]                 
Fri Jul 16 16:14:02 IDT 2021 : Apache Derby Network Server - 10.14.2.0 - (1828579) started and ready to accept connections on port 1527
Fri Jul 16 16:14:12 IDT 2021 Thread[DRDAConnThread_2,5,main] WARNING: the property derby.storage.useDefaultFilePermissions could not be read due to a security exception: java.security.AccessControlException: access denied ("java.util.PropertyPermission" "derby.storage.useDefaultFilePermissions" "read"). This could pose a security risk.
                
Fri Jul 16 16:14:12 IDT 2021 Thread[DRDAConnThread_2,5,main] WARNING: the property derby.storage.useDefaultFilePermissions could not be read due to a security exception: java.security.AccessControlException: access denied ("java.util.PropertyPermission" "derby.storage.useDefaultFilePermissions" "read"). This could pose a security risk.
                
----------------------------------------------------------------
Fri Jul 16 16:14:12 IDT 2021:
Booting Derby version The Apache Software Foundation - Apache Derby - 10.14.2.0 - (1828579): instance a816c00e-017a-af73-c52b-00000d8c3568 
on database directory C:\dbDerby\demo\databases\MyDbTest with class loader sun.misc.Launcher$AppClassLoader@511d50c0 
Loaded from access denied ("java.lang.RuntimePermission" "getProtectionDomain")
java.vendor=Oracle Corporation
user.dir=C:\Users\user\myToolBox\bash
os.name=Windows 10
os.arch=amd64
os.version=10.0
Fri Jul 16 16:14:12 IDT 2021 Thread[DRDAConnThread_2,5,main] WARNING: the property derby.system.home could not be read due to a security exception: java.security.AccessControlException: access denied ("java.util.PropertyPermission" "derby.system.home" "read"). This could pose a security risk.
                
derby.system.home=null
Database Class Loader started - derby.database.classpath=''
Fri Jul 16 16:14:13 IDT 2021 Thread[DRDAConnThread_2,5,main] WARNING: the property derby.database.fullAccessUsers could not be read due to a security exception: java.security.AccessControlException: access denied ("java.util.PropertyPermission" "derby.database.fullAccessUsers" "read"). This could pose a security risk.
                
Fri Jul 16 16:14:13 IDT 2021 Thread[DRDAConnThread_2,5,main] WARNING: the property derby.database.fullAccessUsers could not be read due to a security exception: java.security.AccessControlException: access denied ("java.util.PropertyPermission" "derby.database.fullAccessUsers" "read"). This could pose a security risk.
                
Fri Jul 16 16:14:13 IDT 2021 Thread[DRDAConnThread_2,5,main] WARNING: the property derby.database.readOnlyAccessUsers could not be read due to a security exception: java.security.AccessControlException: access denied ("java.util.PropertyPermission" "derby.database.readOnlyAccessUsers" "read"). This could pose a security risk.
                
Fri Jul 16 16:14:13 IDT 2021 Thread[DRDAConnThread_2,5,main] WARNING: the property derby.database.readOnlyAccessUsers could not be read due to a security exception: java.security.AccessControlException: access denied ("java.util.PropertyPermission" "derby.database.readOnlyAccessUsers" "read"). This could pose a security risk.
                
Fri Jul 16 16:14:13 IDT 2021 Thread[DRDAConnThread_2,5,main] WARNING: the property derby.database.defaultConnectionMode could not be read due to a security exception: java.security.AccessControlException: access denied ("java.util.PropertyPermission" "derby.database.defaultConnectionMode" "read"). This could pose a security risk.
                
Fri Jul 16 16:14:13 IDT 2021 Thread[DRDAConnThread_2,5,main] WARNING: the property derby.database.defaultConnectionMode could not be read due to a security exception: java.security.AccessControlException: access denied ("java.util.PropertyPermission" "derby.database.defaultConnectionMode" "read"). This could pose a security risk.
                
Fri Jul 16 16:14:13 IDT 2021 Thread[DRDAConnThread_2,5,main] WARNING: the property derby.database.fullAccessUsers could not be read due to a security exception: java.security.AccessControlException: access denied ("java.util.PropertyPermission" "derby.database.fullAccessUsers" "read"). This could pose a security risk.
                
Fri Jul 16 16:14:13 IDT 2021 Thread[DRDAConnThread_2,5,main] WARNING: the property derby.database.fullAccessUsers could not be read due to a security exception: java.security.AccessControlException: access denied ("java.util.PropertyPermission" "derby.database.fullAccessUsers" "read"). This could pose a security risk.
                
Fri Jul 16 16:14:13 IDT 2021 Thread[DRDAConnThread_2,5,main] WARNING: the property derby.database.readOnlyAccessUsers could not be read due to a security exception: java.security.AccessControlException: access denied ("java.util.PropertyPermission" "derby.database.readOnlyAccessUsers" "read"). This could pose a security risk.
                
Fri Jul 16 16:14:13 IDT 2021 Thread[DRDAConnThread_2,5,main] WARNING: the property derby.database.readOnlyAccessUsers could not be read due to a security exception: java.security.AccessControlException: access denied ("java.util.PropertyPermission" "derby.database.readOnlyAccessUsers" "read"). This could pose a security risk.
                
Fri Jul 16 16:14:13 IDT 2021 Thread[DRDAConnThread_2,5,main] WARNING: the property derby.database.defaultConnectionMode could not be read due to a security exception: java.security.AccessControlException: access denied ("java.util.PropertyPermission" "derby.database.defaultConnectionMode" "read"). This could pose a security risk.
                
Fri Jul 16 16:14:13 IDT 2021 Thread[DRDAConnThread_2,5,main] WARNING: the property derby.database.defaultConnectionMode could not be read due to a security exception: java.security.AccessControlException: access denied ("java.util.PropertyPermission" "derby.database.defaultConnectionMode" "read"). This could pose a security risk.
                
Fri Jul 16 16:14:18 IDT 2021 Thread[DRDAConnThread_3,5,main] WARNING: the property derby.database.fullAccessUsers could not be read due to a security exception: java.security.AccessControlException: access denied ("java.util.PropertyPermission" "derby.database.fullAccessUsers" "read"). This could pose a security risk.
                
Fri Jul 16 16:14:18 IDT 2021 Thread[DRDAConnThread_3,5,main] WARNING: the property derby.database.fullAccessUsers could not be read due to a security exception: java.security.AccessControlException: access denied ("java.util.PropertyPermission" "derby.database.fullAccessUsers" "read"). This could pose a security risk.
                
Fri Jul 16 16:14:18 IDT 2021 Thread[DRDAConnThread_3,5,main] WARNING: the property derby.database.readOnlyAccessUsers could not be read due to a security exception: java.security.AccessControlException: access denied ("java.util.PropertyPermission" "derby.database.readOnlyAccessUsers" "read"). This could pose a security risk.
                
Fri Jul 16 16:14:18 IDT 2021 Thread[DRDAConnThread_3,5,main] WARNING: the property derby.database.readOnlyAccessUsers could not be read due to a security exception: java.security.AccessControlException: access denied ("java.util.PropertyPermission" "derby.database.readOnlyAccessUsers" "read"). This could pose a security risk.
                
Fri Jul 16 16:14:18 IDT 2021 Thread[DRDAConnThread_3,5,main] WARNING: the property derby.database.defaultConnectionMode could not be read due to a security exception: java.security.AccessControlException: access denied ("java.util.PropertyPermission" "derby.database.defaultConnectionMode" "read"). This could pose a security risk.
                
Fri Jul 16 16:14:18 IDT 2021 Thread[DRDAConnThread_3,5,main] WARNING: the property derby.database.defaultConnectionMode could not be read due to a security exception: java.security.AccessControlException: access denied ("java.util.PropertyPermission" "derby.database.defaultConnectionMode" "read"). This could pose a security risk.
                
Fri Jul 16 16:14:18 IDT 2021 Thread[DRDAConnThread_3,5,main] WARNING: the property derby.database.fullAccessUsers could not be read due to a security exception: java.security.AccessControlException: access denied ("java.util.PropertyPermission" "derby.database.fullAccessUsers" "read"). This could pose a security risk.
                
Fri Jul 16 16:14:18 IDT 2021 Thread[DRDAConnThread_3,5,main] WARNING: the property derby.database.fullAccessUsers could not be read due to a security exception: java.security.AccessControlException: access denied ("java.util.PropertyPermission" "derby.database.fullAccessUsers" "read"). This could pose a security risk.
                
Fri Jul 16 16:14:18 IDT 2021 Thread[DRDAConnThread_3,5,main] WARNING: the property derby.database.readOnlyAccessUsers could not be read due to a security exception: java.security.AccessControlException: access denied ("java.util.PropertyPermission" "derby.database.readOnlyAccessUsers" "read"). This could pose a security risk.
                
Fri Jul 16 16:14:18 IDT 2021 Thread[DRDAConnThread_3,5,main] WARNING: the property derby.database.readOnlyAccessUsers could not be read due to a security exception: java.security.AccessControlException: access denied ("java.util.PropertyPermission" "derby.database.readOnlyAccessUsers" "read"). This could pose a security risk.
                
Fri Jul 16 16:14:18 IDT 2021 Thread[DRDAConnThread_3,5,main] WARNING: the property derby.database.defaultConnectionMode could not be read due to a security exception: java.security.AccessControlException: access denied ("java.util.PropertyPermission" "derby.database.defaultConnectionMode" "read"). This could pose a security risk.
                
Fri Jul 16 16:14:18 IDT 2021 Thread[DRDAConnThread_3,5,main] WARNING: the property derby.database.defaultConnectionMode could not be read due to a security exception: java.security.AccessControlException: access denied ("java.util.PropertyPermission" "derby.database.defaultConnectionMode" "read"). This could pose a security risk.
                
Fri Jul 16 16:14:48 IDT 2021 Thread[DRDAConnThread_4,5,main] WARNING: the property derby.database.fullAccessUsers could not be read due to a security exception: java.security.AccessControlException: access denied ("java.util.PropertyPermission" "derby.database.fullAccessUsers" "read"). This could pose a security risk.
                
Fri Jul 16 16:14:48 IDT 2021 Thread[DRDAConnThread_4,5,main] WARNING: the property derby.database.fullAccessUsers could not be read due to a security exception: java.security.AccessControlException: access denied ("java.util.PropertyPermission" "derby.database.fullAccessUsers" "read"). This could pose a security risk.
                
Fri Jul 16 16:14:48 IDT 2021 Thread[DRDAConnThread_4,5,main] WARNING: the property derby.database.readOnlyAccessUsers could not be read due to a security exception: java.security.AccessControlException: access denied ("java.util.PropertyPermission" "derby.database.readOnlyAccessUsers" "read"). This could pose a security risk.
                
Fri Jul 16 16:14:48 IDT 2021 Thread[DRDAConnThread_4,5,main] WARNING: the property derby.database.readOnlyAccessUsers could not be read due to a security exception: java.security.AccessControlException: access denied ("java.util.PropertyPermission" "derby.database.readOnlyAccessUsers" "read"). This could pose a security risk.
                
Fri Jul 16 16:14:48 IDT 2021 Thread[DRDAConnThread_4,5,main] WARNING: the property derby.database.defaultConnectionMode could not be read due to a security exception: java.security.AccessControlException: access denied ("java.util.PropertyPermission" "derby.database.defaultConnectionMode" "read"). This could pose a security risk.
                
Fri Jul 16 16:14:48 IDT 2021 Thread[DRDAConnThread_4,5,main] WARNING: the property derby.database.defaultConnectionMode could not be read due to a security exception: java.security.AccessControlException: access denied ("java.util.PropertyPermission" "derby.database.defaultConnectionMode" "read"). This could pose a security risk.
                
Fri Jul 16 16:14:48 IDT 2021 Thread[DRDAConnThread_4,5,main] WARNING: the property derby.database.fullAccessUsers could not be read due to a security exception: java.security.AccessControlException: access denied ("java.util.PropertyPermission" "derby.database.fullAccessUsers" "read"). This could pose a security risk.
                
Fri Jul 16 16:14:48 IDT 2021 Thread[DRDAConnThread_4,5,main] WARNING: the property derby.database.fullAccessUsers could not be read due to a security exception: java.security.AccessControlException: access denied ("java.util.PropertyPermission" "derby.database.fullAccessUsers" "read"). This could pose a security risk.
                
Fri Jul 16 16:14:48 IDT 2021 Thread[DRDAConnThread_4,5,main] WARNING: the property derby.database.readOnlyAccessUsers could not be read due to a security exception: java.security.AccessControlException: access denied ("java.util.PropertyPermission" "derby.database.readOnlyAccessUsers" "read"). This could pose a security risk.
                
Fri Jul 16 16:14:48 IDT 2021 Thread[DRDAConnThread_4,5,main] WARNING: the property derby.database.readOnlyAccessUsers could not be read due to a security exception: java.security.AccessControlException: access denied ("java.util.PropertyPermission" "derby.database.readOnlyAccessUsers" "read"). This could pose a security risk.
                
Fri Jul 16 16:14:48 IDT 2021 Thread[DRDAConnThread_4,5,main] WARNING: the property derby.database.defaultConnectionMode could not be read due to a security exception: java.security.AccessControlException: access denied ("java.util.PropertyPermission" "derby.database.defaultConnectionMode" "read"). This could pose a security risk.
                
Fri Jul 16 16:14:48 IDT 2021 Thread[DRDAConnThread_4,5,main] WARNING: the property derby.database.defaultConnectionMode could not be read due to a security exception: java.security.AccessControlException: access denied ("java.util.PropertyPermission" "derby.database.defaultConnectionMode" "read"). This could pose a security risk.
                
